#! /c/Source/iverilog-install/bin/vvp
:ivl_version "12.0 (devel)" "(s20150603-1539-g2693dd32b)";
:ivl_delay_selection "TYPICAL";
:vpi_time_precision - 12;
:vpi_module "C:\iverilog\lib\ivl\system.vpi";
:vpi_module "C:\iverilog\lib\ivl\vhdl_sys.vpi";
:vpi_module "C:\iverilog\lib\ivl\vhdl_textio.vpi";
:vpi_module "C:\iverilog\lib\ivl\v2005_math.vpi";
:vpi_module "C:\iverilog\lib\ivl\va_math.vpi";
S_00000216570d4e50 .scope module, "tb_multiplier_wallace" "tb_multiplier_wallace" 2 3;
 .timescale -9 -12;
v000002165715c9e0_0 .var "a", 7 0;
v000002165715e240_0 .var "b", 7 0;
v000002165715cb20_0 .var/i "i", 31 0;
v000002165715ce40_0 .net "product", 15 0, L_000002165716f520;  1 drivers
S_0000021657100d40 .scope module, "uut" "multiplier_wallace" 2 9, 3 2 0, S_00000216570d4e50;
 .timescale 0 0;
    .port_info 0 /INPUT 8 "a";
    .port_info 1 /INPUT 8 "b";
    .port_info 2 /OUTPUT 16 "product";
v000002165715dac0_0 .net *"_ivl_20", 15 0, L_000002165716fc00;  1 drivers
v000002165715cd00_0 .net *"_ivl_22", 15 0, L_00000216571701a0;  1 drivers
v000002165715e560_0 .net "a", 7 0, v000002165715c9e0_0;  1 drivers
v000002165715db60_0 .net "b", 7 0, v000002165715e240_0;  1 drivers
v000002165715dc00_0 .net "c1", 15 0, L_0000021657170420;  1 drivers
v000002165715ca80_0 .net "c2", 15 0, L_0000021657171000;  1 drivers
v000002165715e100_0 .net "c3", 15 0, L_00000216571713c0;  1 drivers
v000002165715cc60_0 .net "c4", 15 0, L_00000216571711e0;  1 drivers
v000002165715dde0_0 .net "c5", 15 0, L_0000021657171280;  1 drivers
v000002165715d660_0 .net "c6", 15 0, L_0000021657171320;  1 drivers
v000002165715d8e0 .array "pp_shift", 0 7;
v000002165715d8e0_0 .net v000002165715d8e0 0, 15 0, L_000002165715e600; 1 drivers
v000002165715d8e0_1 .net v000002165715d8e0 1, 15 0, L_000002165715d0c0; 1 drivers
v000002165715d8e0_2 .net v000002165715d8e0 2, 15 0, L_000002165716fa20; 1 drivers
v000002165715d8e0_3 .net v000002165715d8e0 3, 15 0, L_000002165716f980; 1 drivers
v000002165715d8e0_4 .net v000002165715d8e0 4, 15 0, L_0000021657170740; 1 drivers
v000002165715d8e0_5 .net v000002165715d8e0 5, 15 0, L_0000021657170880; 1 drivers
v000002165715d8e0_6 .net v000002165715d8e0 6, 15 0, L_0000021657170ec0; 1 drivers
v000002165715d8e0_7 .net v000002165715d8e0 7, 15 0, L_000002165716f840; 1 drivers
v000002165715de80_0 .net "product", 15 0, L_000002165716f520;  alias, 1 drivers
v000002165715d980_0 .net "s1", 15 0, L_00000216570f6d60;  1 drivers
v000002165715cf80_0 .net "s2", 15 0, L_0000021657171610;  1 drivers
v000002165715df20_0 .net "s3", 15 0, L_0000021657171a00;  1 drivers
v000002165715e420_0 .net "s4", 15 0, L_0000021657171680;  1 drivers
v000002165715dfc0_0 .net "s5", 15 0, L_0000021657172090;  1 drivers
v000002165715e1a0_0 .net "s6", 15 0, L_0000021657171b50;  1 drivers
L_000002165715e2e0 .part v000002165715e240_0, 0, 1;
L_000002165715d340 .part v000002165715e240_0, 1, 1;
L_000002165715d200 .part v000002165715e240_0, 2, 1;
L_0000021657170920 .part v000002165715e240_0, 3, 1;
L_0000021657171140 .part v000002165715e240_0, 4, 1;
L_00000216571709c0 .part v000002165715e240_0, 5, 1;
L_0000021657170c40 .part v000002165715e240_0, 6, 1;
L_0000021657170e20 .part v000002165715e240_0, 7, 1;
L_000002165716fc00 .arith/sum 16, L_0000021657171b50, L_00000216571711e0;
L_00000216571701a0 .arith/sum 16, L_000002165716fc00, L_0000021657171280;
L_000002165716f520 .arith/sum 16, L_00000216571701a0, L_0000021657171320;
S_0000021657100ed0 .scope generate, "gen_pp_shifts[0]" "gen_pp_shifts[0]" 3 12, 3 12 0, S_0000021657100d40;
 .timescale 0 0;
P_00000216570f7840 .param/l "k" 0 3 12, +C4<00>;
v00000216570fda00_0 .net *"_ivl_1", 0 0, L_000002165715e2e0;  1 drivers
L_00000216571a0088 .functor BUFT 1, C4<00000000>, C4<0>, C4<0>, C4<0>;
v00000216570fc560_0 .net/2u *"_ivl_2", 7 0, L_00000216571a0088;  1 drivers
v00000216570fd780_0 .net *"_ivl_4", 15 0, L_000002165715e380;  1 drivers
L_00000216571a00d0 .functor BUFT 1, C4<0000000000000000>, C4<0>, C4<0>, C4<0>;
v00000216570fd960_0 .net/2u *"_ivl_6", 15 0, L_00000216571a00d0;  1 drivers
L_000002165715e380 .concat [ 8 8 0 0], v000002165715c9e0_0, L_00000216571a0088;
L_000002165715e600 .functor MUXZ 16, L_00000216571a00d0, L_000002165715e380, L_000002165715e2e0, C4<>;
S_00000216570d8fd0 .scope generate, "gen_pp_shifts[1]" "gen_pp_shifts[1]" 3 12, 3 12 0, S_0000021657100d40;
 .timescale 0 0;
P_00000216570f7b40 .param/l "k" 0 3 12, +C4<01>;
v00000216570fd8c0_0 .net *"_ivl_1", 0 0, L_000002165715d340;  1 drivers
L_00000216571a0160 .functor BUFT 1, C4<0>, C4<0>, C4<0>, C4<0>;
v00000216570fcc40_0 .net *"_ivl_10", 0 0, L_00000216571a0160;  1 drivers
L_00000216571a01a8 .functor BUFT 1, C4<0000000000000000>, C4<0>, C4<0>, C4<0>;
v00000216570fd820_0 .net/2u *"_ivl_12", 15 0, L_00000216571a01a8;  1 drivers
L_00000216571a0118 .functor BUFT 1, C4<00000000>, C4<0>, C4<0>, C4<0>;
v00000216570fdbe0_0 .net/2u *"_ivl_2", 7 0, L_00000216571a0118;  1 drivers
v00000216570fc740_0 .net *"_ivl_4", 15 0, L_000002165715c8a0;  1 drivers
v00000216570fde60_0 .net *"_ivl_6", 15 0, L_000002165715cee0;  1 drivers
v00000216570fdc80_0 .net *"_ivl_8", 14 0, L_000002165715c940;  1 drivers
L_000002165715c8a0 .concat [ 8 8 0 0], v000002165715c9e0_0, L_00000216571a0118;
L_000002165715c940 .part L_000002165715c8a0, 0, 15;
L_000002165715cee0 .concat [ 1 15 0 0], L_00000216571a0160, L_000002165715c940;
L_000002165715d0c0 .functor MUXZ 16, L_00000216571a01a8, L_000002165715cee0, L_000002165715d340, C4<>;
S_00000216570d9160 .scope generate, "gen_pp_shifts[2]" "gen_pp_shifts[2]" 3 12, 3 12 0, S_0000021657100d40;
 .timescale 0 0;
P_00000216570f7c00 .param/l "k" 0 3 12, +C4<010>;
v00000216570fddc0_0 .net *"_ivl_1", 0 0, L_000002165715d200;  1 drivers
L_00000216571a0238 .functor BUFT 1, C4<00>, C4<0>, C4<0>, C4<0>;
v00000216570fd460_0 .net *"_ivl_10", 1 0, L_00000216571a0238;  1 drivers
L_00000216571a0280 .functor BUFT 1, C4<0000000000000000>, C4<0>, C4<0>, C4<0>;
v00000216570fcce0_0 .net/2u *"_ivl_12", 15 0, L_00000216571a0280;  1 drivers
L_00000216571a01f0 .functor BUFT 1, C4<00000000>, C4<0>, C4<0>, C4<0>;
v00000216570fdd20_0 .net/2u *"_ivl_2", 7 0, L_00000216571a01f0;  1 drivers
v00000216570fc880_0 .net *"_ivl_4", 15 0, L_000002165715d3e0;  1 drivers
v00000216570fce20_0 .net *"_ivl_6", 15 0, L_000002165715d520;  1 drivers
v00000216570fdf00_0 .net *"_ivl_8", 13 0, L_000002165715d480;  1 drivers
L_000002165715d3e0 .concat [ 8 8 0 0], v000002165715c9e0_0, L_00000216571a01f0;
L_000002165715d480 .part L_000002165715d3e0, 0, 14;
L_000002165715d520 .concat [ 2 14 0 0], L_00000216571a0238, L_000002165715d480;
L_000002165716fa20 .functor MUXZ 16, L_00000216571a0280, L_000002165715d520, L_000002165715d200, C4<>;
S_00000216570a2ce0 .scope generate, "gen_pp_shifts[3]" "gen_pp_shifts[3]" 3 12, 3 12 0, S_0000021657100d40;
 .timescale 0 0;
P_00000216570f8080 .param/l "k" 0 3 12, +C4<011>;
v00000216570fe2c0_0 .net *"_ivl_1", 0 0, L_0000021657170920;  1 drivers
L_00000216571a0310 .functor BUFT 1, C4<000>, C4<0>, C4<0>, C4<0>;
v00000216570fc600_0 .net *"_ivl_10", 2 0, L_00000216571a0310;  1 drivers
L_00000216571a0358 .functor BUFT 1, C4<0000000000000000>, C4<0>, C4<0>, C4<0>;
v00000216570fd320_0 .net/2u *"_ivl_12", 15 0, L_00000216571a0358;  1 drivers
L_00000216571a02c8 .functor BUFT 1, C4<00000000>, C4<0>, C4<0>, C4<0>;
v00000216570fdfa0_0 .net/2u *"_ivl_2", 7 0, L_00000216571a02c8;  1 drivers
v00000216570fd500_0 .net *"_ivl_4", 15 0, L_0000021657170b00;  1 drivers
v00000216570fd5a0_0 .net *"_ivl_6", 15 0, L_0000021657170380;  1 drivers
v00000216570fd640_0 .net *"_ivl_8", 12 0, L_0000021657170100;  1 drivers
L_0000021657170b00 .concat [ 8 8 0 0], v000002165715c9e0_0, L_00000216571a02c8;
L_0000021657170100 .part L_0000021657170b00, 0, 13;
L_0000021657170380 .concat [ 3 13 0 0], L_00000216571a0310, L_0000021657170100;
L_000002165716f980 .functor MUXZ 16, L_00000216571a0358, L_0000021657170380, L_0000021657170920, C4<>;
S_00000216570a2e70 .scope generate, "gen_pp_shifts[4]" "gen_pp_shifts[4]" 3 12, 3 12 0, S_0000021657100d40;
 .timescale 0 0;
P_00000216570f8100 .param/l "k" 0 3 12, +C4<0100>;
v00000216570fcec0_0 .net *"_ivl_1", 0 0, L_0000021657171140;  1 drivers
L_00000216571a03e8 .functor BUFT 1, C4<0000>, C4<0>, C4<0>, C4<0>;
v00000216570fd6e0_0 .net *"_ivl_10", 3 0, L_00000216571a03e8;  1 drivers
L_00000216571a0430 .functor BUFT 1, C4<0000000000000000>, C4<0>, C4<0>, C4<0>;
v00000216570fe360_0 .net/2u *"_ivl_12", 15 0, L_00000216571a0430;  1 drivers
L_00000216571a03a0 .functor BUFT 1, C4<00000000>, C4<0>, C4<0>, C4<0>;
v00000216570fe040_0 .net/2u *"_ivl_2", 7 0, L_00000216571a03a0;  1 drivers
v00000216570fe400_0 .net *"_ivl_4", 15 0, L_00000216571706a0;  1 drivers
v00000216570fca60_0 .net *"_ivl_6", 15 0, L_0000021657170d80;  1 drivers
v00000216570fcd80_0 .net *"_ivl_8", 11 0, L_000002165716f700;  1 drivers
L_00000216571706a0 .concat [ 8 8 0 0], v000002165715c9e0_0, L_00000216571a03a0;
L_000002165716f700 .part L_00000216571706a0, 0, 12;
L_0000021657170d80 .concat [ 4 12 0 0], L_00000216571a03e8, L_000002165716f700;
L_0000021657170740 .functor MUXZ 16, L_00000216571a0430, L_0000021657170d80, L_0000021657171140, C4<>;
S_00000216570a3000 .scope generate, "gen_pp_shifts[5]" "gen_pp_shifts[5]" 3 12, 3 12 0, S_0000021657100d40;
 .timescale 0 0;
P_00000216570f8200 .param/l "k" 0 3 12, +C4<0101>;
v00000216570fe0e0_0 .net *"_ivl_1", 0 0, L_00000216571709c0;  1 drivers
L_00000216571a04c0 .functor BUFT 1, C4<00000>, C4<0>, C4<0>, C4<0>;
v00000216570fe180_0 .net *"_ivl_10", 4 0, L_00000216571a04c0;  1 drivers
L_00000216571a0508 .functor BUFT 1, C4<0000000000000000>, C4<0>, C4<0>, C4<0>;
v00000216570fcf60_0 .net/2u *"_ivl_12", 15 0, L_00000216571a0508;  1 drivers
L_00000216571a0478 .functor BUFT 1, C4<00000000>, C4<0>, C4<0>, C4<0>;
v00000216570fe220_0 .net/2u *"_ivl_2", 7 0, L_00000216571a0478;  1 drivers
v00000216570fd0a0_0 .net *"_ivl_4", 15 0, L_000002165716ffc0;  1 drivers
v00000216570fc920_0 .net *"_ivl_6", 15 0, L_0000021657170560;  1 drivers
v00000216570fd1e0_0 .net *"_ivl_8", 10 0, L_0000021657170ba0;  1 drivers
L_000002165716ffc0 .concat [ 8 8 0 0], v000002165715c9e0_0, L_00000216571a0478;
L_0000021657170ba0 .part L_000002165716ffc0, 0, 11;
L_0000021657170560 .concat [ 5 11 0 0], L_00000216571a04c0, L_0000021657170ba0;
L_0000021657170880 .functor MUXZ 16, L_00000216571a0508, L_0000021657170560, L_00000216571709c0, C4<>;
S_0000021657102470 .scope generate, "gen_pp_shifts[6]" "gen_pp_shifts[6]" 3 12, 3 12 0, S_0000021657100d40;
 .timescale 0 0;
P_00000216570f8e00 .param/l "k" 0 3 12, +C4<0110>;
v00000216570fd280_0 .net *"_ivl_1", 0 0, L_0000021657170c40;  1 drivers
L_00000216571a0598 .functor BUFT 1, C4<000000>, C4<0>, C4<0>, C4<0>;
v00000216571582d0_0 .net *"_ivl_10", 5 0, L_00000216571a0598;  1 drivers
L_00000216571a05e0 .functor BUFT 1, C4<0000000000000000>, C4<0>, C4<0>, C4<0>;
v0000021657158af0_0 .net/2u *"_ivl_12", 15 0, L_00000216571a05e0;  1 drivers
L_00000216571a0550 .functor BUFT 1, C4<00000000>, C4<0>, C4<0>, C4<0>;
v0000021657158c30_0 .net/2u *"_ivl_2", 7 0, L_00000216571a0550;  1 drivers
v00000216571585f0_0 .net *"_ivl_4", 15 0, L_000002165716fac0;  1 drivers
v0000021657158230_0 .net *"_ivl_6", 15 0, L_000002165716fd40;  1 drivers
v0000021657159590_0 .net *"_ivl_8", 9 0, L_0000021657170ce0;  1 drivers
L_000002165716fac0 .concat [ 8 8 0 0], v000002165715c9e0_0, L_00000216571a0550;
L_0000021657170ce0 .part L_000002165716fac0, 0, 10;
L_000002165716fd40 .concat [ 6 10 0 0], L_00000216571a0598, L_0000021657170ce0;
L_0000021657170ec0 .functor MUXZ 16, L_00000216571a05e0, L_000002165716fd40, L_0000021657170c40, C4<>;
S_0000021657102600 .scope generate, "gen_pp_shifts[7]" "gen_pp_shifts[7]" 3 12, 3 12 0, S_0000021657100d40;
 .timescale 0 0;
P_00000216570f8840 .param/l "k" 0 3 12, +C4<0111>;
v0000021657159e50_0 .net *"_ivl_1", 0 0, L_0000021657170e20;  1 drivers
L_00000216571a0670 .functor BUFT 1, C4<0000000>, C4<0>, C4<0>, C4<0>;
v00000216571596d0_0 .net *"_ivl_10", 6 0, L_00000216571a0670;  1 drivers
L_00000216571a06b8 .functor BUFT 1, C4<0000000000000000>, C4<0>, C4<0>, C4<0>;
v0000021657158cd0_0 .net/2u *"_ivl_12", 15 0, L_00000216571a06b8;  1 drivers
L_00000216571a0628 .functor BUFT 1, C4<00000000>, C4<0>, C4<0>, C4<0>;
v0000021657158410_0 .net/2u *"_ivl_2", 7 0, L_00000216571a0628;  1 drivers
v0000021657158370_0 .net *"_ivl_4", 15 0, L_000002165716ff20;  1 drivers
v00000216571593b0_0 .net *"_ivl_6", 15 0, L_000002165716fde0;  1 drivers
v0000021657158870_0 .net *"_ivl_8", 8 0, L_0000021657170f60;  1 drivers
L_000002165716ff20 .concat [ 8 8 0 0], v000002165715c9e0_0, L_00000216571a0628;
L_0000021657170f60 .part L_000002165716ff20, 0, 9;
L_000002165716fde0 .concat [ 7 9 0 0], L_00000216571a0670, L_0000021657170f60;
L_000002165716f840 .functor MUXZ 16, L_00000216571a06b8, L_000002165716fde0, L_0000021657170e20, C4<>;
S_0000021657102790 .scope module, "u1" "csa3_16" 3 20, 4 1 0, S_0000021657100d40;
 .timescale 0 0;
    .port_info 0 /INPUT 16 "x";
    .port_info 1 /INPUT 16 "y";
    .port_info 2 /INPUT 16 "z";
    .port_info 3 /OUTPUT 16 "sum";
    .port_info 4 /OUTPUT 16 "carry_sh";
L_00000216570f65f0 .functor XOR 16, L_000002165715e600, L_000002165715d0c0, C4<0000000000000000>, C4<0000000000000000>;
L_00000216570f6d60 .functor XOR 16, L_00000216570f65f0, L_000002165716fa20, C4<0000000000000000>, C4<0000000000000000>;
L_00000216570f6eb0 .functor AND 16, L_000002165715e600, L_000002165715d0c0, C4<1111111111111111>, C4<1111111111111111>;
L_00000216570f6f90 .functor AND 16, L_000002165715d0c0, L_000002165716fa20, C4<1111111111111111>, C4<1111111111111111>;
L_00000216570f7000 .functor OR 16, L_00000216570f6eb0, L_00000216570f6f90, C4<0000000000000000>, C4<0000000000000000>;
L_00000216570f62e0 .functor AND 16, L_000002165715e600, L_000002165716fa20, C4<1111111111111111>, C4<1111111111111111>;
L_00000216570f63c0 .functor OR 16, L_00000216570f7000, L_00000216570f62e0, C4<0000000000000000>, C4<0000000000000000>;
v00000216571589b0_0 .net *"_ivl_0", 15 0, L_00000216570f65f0;  1 drivers
v0000021657158f50_0 .net *"_ivl_10", 15 0, L_00000216570f62e0;  1 drivers
v0000021657159950_0 .net *"_ivl_12", 15 0, L_00000216570f63c0;  1 drivers
v0000021657158ff0_0 .net *"_ivl_16", 14 0, L_000002165716f5c0;  1 drivers
L_00000216571a0700 .functor BUFT 1, C4<0>, C4<0>, C4<0>, C4<0>;
v0000021657159450_0 .net *"_ivl_18", 0 0, L_00000216571a0700;  1 drivers
v0000021657159810_0 .net *"_ivl_4", 15 0, L_00000216570f6eb0;  1 drivers
v0000021657159270_0 .net *"_ivl_6", 15 0, L_00000216570f6f90;  1 drivers
v0000021657159310_0 .net *"_ivl_8", 15 0, L_00000216570f7000;  1 drivers
v00000216571584b0_0 .net "carry_sh", 15 0, L_0000021657170420;  alias, 1 drivers
v00000216571599f0_0 .net "sum", 15 0, L_00000216570f6d60;  alias, 1 drivers
v0000021657159a90_0 .net "x", 15 0, L_000002165715e600;  alias, 1 drivers
v00000216571591d0_0 .net "y", 15 0, L_000002165715d0c0;  alias, 1 drivers
v0000021657159630_0 .net "z", 15 0, L_000002165716fa20;  alias, 1 drivers
L_000002165716f5c0 .part L_00000216570f63c0, 0, 15;
L_0000021657170420 .concat [ 1 15 0 0], L_00000216571a0700, L_000002165716f5c0;
S_000002165715a0b0 .scope module, "u2" "csa3_16" 3 21, 4 1 0, S_0000021657100d40;
 .timescale 0 0;
    .port_info 0 /INPUT 16 "x";
    .port_info 1 /INPUT 16 "y";
    .port_info 2 /INPUT 16 "z";
    .port_info 3 /OUTPUT 16 "sum";
    .port_info 4 /OUTPUT 16 "carry_sh";
L_00000216571723a0 .functor XOR 16, L_000002165716f980, L_0000021657170740, C4<0000000000000000>, C4<0000000000000000>;
L_0000021657171610 .functor XOR 16, L_00000216571723a0, L_0000021657170880, C4<0000000000000000>, C4<0000000000000000>;
L_0000021657172250 .functor AND 16, L_000002165716f980, L_0000021657170740, C4<1111111111111111>, C4<1111111111111111>;
L_0000021657172100 .functor AND 16, L_0000021657170740, L_0000021657170880, C4<1111111111111111>, C4<1111111111111111>;
L_00000216571718b0 .functor OR 16, L_0000021657172250, L_0000021657172100, C4<0000000000000000>, C4<0000000000000000>;
L_0000021657172170 .functor AND 16, L_000002165716f980, L_0000021657170880, C4<1111111111111111>, C4<1111111111111111>;
L_0000021657171ae0 .functor OR 16, L_00000216571718b0, L_0000021657172170, C4<0000000000000000>, C4<0000000000000000>;
v0000021657159090_0 .net *"_ivl_0", 15 0, L_00000216571723a0;  1 drivers
v0000021657159770_0 .net *"_ivl_10", 15 0, L_0000021657172170;  1 drivers
v0000021657158550_0 .net *"_ivl_12", 15 0, L_0000021657171ae0;  1 drivers
v0000021657158d70_0 .net *"_ivl_16", 14 0, L_00000216571704c0;  1 drivers
L_00000216571a0748 .functor BUFT 1, C4<0>, C4<0>, C4<0>, C4<0>;
v0000021657158e10_0 .net *"_ivl_18", 0 0, L_00000216571a0748;  1 drivers
v0000021657159b30_0 .net *"_ivl_4", 15 0, L_0000021657172250;  1 drivers
v00000216571598b0_0 .net *"_ivl_6", 15 0, L_0000021657172100;  1 drivers
v00000216571594f0_0 .net *"_ivl_8", 15 0, L_00000216571718b0;  1 drivers
v0000021657158eb0_0 .net "carry_sh", 15 0, L_0000021657171000;  alias, 1 drivers
v0000021657159f90_0 .net "sum", 15 0, L_0000021657171610;  alias, 1 drivers
v0000021657159bd0_0 .net "x", 15 0, L_000002165716f980;  alias, 1 drivers
v0000021657159c70_0 .net "y", 15 0, L_0000021657170740;  alias, 1 drivers
v0000021657159d10_0 .net "z", 15 0, L_0000021657170880;  alias, 1 drivers
L_00000216571704c0 .part L_0000021657171ae0, 0, 15;
L_0000021657171000 .concat [ 1 15 0 0], L_00000216571a0748, L_00000216571704c0;
S_000002165715a240 .scope module, "u3" "csa3_16" 3 22, 4 1 0, S_0000021657100d40;
 .timescale 0 0;
    .port_info 0 /INPUT 16 "x";
    .port_info 1 /INPUT 16 "y";
    .port_info 2 /INPUT 16 "z";
    .port_info 3 /OUTPUT 16 "sum";
    .port_info 4 /OUTPUT 16 "carry_sh";
L_0000021657171df0 .functor XOR 16, L_0000021657170ec0, L_000002165716f840, C4<0000000000000000>, C4<0000000000000000>;
L_00000216571a07d8 .functor BUFT 1, C4<0000000000000000>, C4<0>, C4<0>, C4<0>;
L_0000021657171a00 .functor XOR 16, L_0000021657171df0, L_00000216571a07d8, C4<0000000000000000>, C4<0000000000000000>;
L_0000021657171ed0 .functor AND 16, L_0000021657170ec0, L_000002165716f840, C4<1111111111111111>, C4<1111111111111111>;
L_0000021657171ca0 .functor AND 16, L_000002165716f840, L_00000216571a07d8, C4<1111111111111111>, C4<1111111111111111>;
L_0000021657172020 .functor OR 16, L_0000021657171ed0, L_0000021657171ca0, C4<0000000000000000>, C4<0000000000000000>;
L_0000021657171920 .functor AND 16, L_0000021657170ec0, L_00000216571a07d8, C4<1111111111111111>, C4<1111111111111111>;
L_0000021657171f40 .functor OR 16, L_0000021657172020, L_0000021657171920, C4<0000000000000000>, C4<0000000000000000>;
v0000021657159130_0 .net *"_ivl_0", 15 0, L_0000021657171df0;  1 drivers
v0000021657159db0_0 .net *"_ivl_10", 15 0, L_0000021657171920;  1 drivers
v0000021657158690_0 .net *"_ivl_12", 15 0, L_0000021657171f40;  1 drivers
v0000021657159ef0_0 .net *"_ivl_16", 14 0, L_000002165716f8e0;  1 drivers
L_00000216571a0790 .functor BUFT 1, C4<0>, C4<0>, C4<0>, C4<0>;
v00000216571580f0_0 .net *"_ivl_18", 0 0, L_00000216571a0790;  1 drivers
v0000021657158190_0 .net *"_ivl_4", 15 0, L_0000021657171ed0;  1 drivers
v0000021657158730_0 .net *"_ivl_6", 15 0, L_0000021657171ca0;  1 drivers
v00000216571587d0_0 .net *"_ivl_8", 15 0, L_0000021657172020;  1 drivers
v0000021657158910_0 .net "carry_sh", 15 0, L_00000216571713c0;  alias, 1 drivers
v0000021657158a50_0 .net "sum", 15 0, L_0000021657171a00;  alias, 1 drivers
v0000021657158b90_0 .net "x", 15 0, L_0000021657170ec0;  alias, 1 drivers
v000002165715b140_0 .net "y", 15 0, L_000002165716f840;  alias, 1 drivers
v000002165715b0a0_0 .net "z", 15 0, L_00000216571a07d8;  1 drivers
L_000002165716f8e0 .part L_0000021657171f40, 0, 15;
L_00000216571713c0 .concat [ 1 15 0 0], L_00000216571a0790, L_000002165716f8e0;
S_000002165715b3e0 .scope module, "u4" "csa3_16" 3 26, 4 1 0, S_0000021657100d40;
 .timescale 0 0;
    .port_info 0 /INPUT 16 "x";
    .port_info 1 /INPUT 16 "y";
    .port_info 2 /INPUT 16 "z";
    .port_info 3 /OUTPUT 16 "sum";
    .port_info 4 /OUTPUT 16 "carry_sh";
L_0000021657171d10 .functor XOR 16, L_00000216570f6d60, L_0000021657171610, C4<0000000000000000>, C4<0000000000000000>;
L_0000021657171680 .functor XOR 16, L_0000021657171d10, L_0000021657171a00, C4<0000000000000000>, C4<0000000000000000>;
L_0000021657171fb0 .functor AND 16, L_00000216570f6d60, L_0000021657171610, C4<1111111111111111>, C4<1111111111111111>;
L_0000021657171a70 .functor AND 16, L_0000021657171610, L_0000021657171a00, C4<1111111111111111>, C4<1111111111111111>;
L_0000021657171d80 .functor OR 16, L_0000021657171fb0, L_0000021657171a70, C4<0000000000000000>, C4<0000000000000000>;
L_0000021657171760 .functor AND 16, L_00000216570f6d60, L_0000021657171a00, C4<1111111111111111>, C4<1111111111111111>;
L_0000021657171e60 .functor OR 16, L_0000021657171d80, L_0000021657171760, C4<0000000000000000>, C4<0000000000000000>;
v000002165715ab00_0 .net *"_ivl_0", 15 0, L_0000021657171d10;  1 drivers
v000002165715a7e0_0 .net *"_ivl_10", 15 0, L_0000021657171760;  1 drivers
v000002165715a560_0 .net *"_ivl_12", 15 0, L_0000021657171e60;  1 drivers
v000002165715b000_0 .net *"_ivl_16", 14 0, L_00000216571710a0;  1 drivers
L_00000216571a0820 .functor BUFT 1, C4<0>, C4<0>, C4<0>, C4<0>;
v000002165715b1e0_0 .net *"_ivl_18", 0 0, L_00000216571a0820;  1 drivers
v000002165715a740_0 .net *"_ivl_4", 15 0, L_0000021657171fb0;  1 drivers
v000002165715ad80_0 .net *"_ivl_6", 15 0, L_0000021657171a70;  1 drivers
v000002165715b280_0 .net *"_ivl_8", 15 0, L_0000021657171d80;  1 drivers
v000002165715aa60_0 .net "carry_sh", 15 0, L_00000216571711e0;  alias, 1 drivers
v000002165715b320_0 .net "sum", 15 0, L_0000021657171680;  alias, 1 drivers
v000002165715ace0_0 .net "x", 15 0, L_00000216570f6d60;  alias, 1 drivers
v000002165715a4c0_0 .net "y", 15 0, L_0000021657171610;  alias, 1 drivers
v000002165715a880_0 .net "z", 15 0, L_0000021657171a00;  alias, 1 drivers
L_00000216571710a0 .part L_0000021657171e60, 0, 15;
L_00000216571711e0 .concat [ 1 15 0 0], L_00000216571a0820, L_00000216571710a0;
S_000002165715c580 .scope module, "u5" "csa3_16" 3 27, 4 1 0, S_0000021657100d40;
 .timescale 0 0;
    .port_info 0 /INPUT 16 "x";
    .port_info 1 /INPUT 16 "y";
    .port_info 2 /INPUT 16 "z";
    .port_info 3 /OUTPUT 16 "sum";
    .port_info 4 /OUTPUT 16 "carry_sh";
L_0000021657171530 .functor XOR 16, L_0000021657170420, L_0000021657171000, C4<0000000000000000>, C4<0000000000000000>;
L_0000021657172090 .functor XOR 16, L_0000021657171530, L_00000216571713c0, C4<0000000000000000>, C4<0000000000000000>;
L_00000216571721e0 .functor AND 16, L_0000021657170420, L_0000021657171000, C4<1111111111111111>, C4<1111111111111111>;
L_0000021657171840 .functor AND 16, L_0000021657171000, L_00000216571713c0, C4<1111111111111111>, C4<1111111111111111>;
L_00000216571722c0 .functor OR 16, L_00000216571721e0, L_0000021657171840, C4<0000000000000000>, C4<0000000000000000>;
L_0000021657172330 .functor AND 16, L_0000021657170420, L_00000216571713c0, C4<1111111111111111>, C4<1111111111111111>;
L_0000021657172410 .functor OR 16, L_00000216571722c0, L_0000021657172330, C4<0000000000000000>, C4<0000000000000000>;
v000002165715ae20_0 .net *"_ivl_0", 15 0, L_0000021657171530;  1 drivers
v000002165715a600_0 .net *"_ivl_10", 15 0, L_0000021657172330;  1 drivers
v000002165715aec0_0 .net *"_ivl_12", 15 0, L_0000021657172410;  1 drivers
v000002165715ac40_0 .net *"_ivl_16", 14 0, L_000002165716fb60;  1 drivers
L_00000216571a0868 .functor BUFT 1, C4<0>, C4<0>, C4<0>, C4<0>;
v000002165715a420_0 .net *"_ivl_18", 0 0, L_00000216571a0868;  1 drivers
v000002165715af60_0 .net *"_ivl_4", 15 0, L_00000216571721e0;  1 drivers
v000002165715aba0_0 .net *"_ivl_6", 15 0, L_0000021657171840;  1 drivers
v000002165715a6a0_0 .net *"_ivl_8", 15 0, L_00000216571722c0;  1 drivers
v000002165715a920_0 .net "carry_sh", 15 0, L_0000021657171280;  alias, 1 drivers
v000002165715a9c0_0 .net "sum", 15 0, L_0000021657172090;  alias, 1 drivers
v000002165715d700_0 .net "x", 15 0, L_0000021657170420;  alias, 1 drivers
v000002165715e060_0 .net "y", 15 0, L_0000021657171000;  alias, 1 drivers
v000002165715d160_0 .net "z", 15 0, L_00000216571713c0;  alias, 1 drivers
L_000002165716fb60 .part L_0000021657172410, 0, 15;
L_0000021657171280 .concat [ 1 15 0 0], L_00000216571a0868, L_000002165716fb60;
S_000002165715e720 .scope module, "u6" "csa3_16" 3 31, 4 1 0, S_0000021657100d40;
 .timescale 0 0;
    .port_info 0 /INPUT 16 "x";
    .port_info 1 /INPUT 16 "y";
    .port_info 2 /INPUT 16 "z";
    .port_info 3 /OUTPUT 16 "sum";
    .port_info 4 /OUTPUT 16 "carry_sh";
L_00000216571715a0 .functor XOR 16, L_0000021657171680, L_0000021657172090, C4<0000000000000000>, C4<0000000000000000>;
L_00000216571a08f8 .functor BUFT 1, C4<0000000000000000>, C4<0>, C4<0>, C4<0>;
L_0000021657171b50 .functor XOR 16, L_00000216571715a0, L_00000216571a08f8, C4<0000000000000000>, C4<0000000000000000>;
L_00000216571716f0 .functor AND 16, L_0000021657171680, L_0000021657172090, C4<1111111111111111>, C4<1111111111111111>;
L_00000216571717d0 .functor AND 16, L_0000021657172090, L_00000216571a08f8, C4<1111111111111111>, C4<1111111111111111>;
L_0000021657171990 .functor OR 16, L_00000216571716f0, L_00000216571717d0, C4<0000000000000000>, C4<0000000000000000>;
L_0000021657171bc0 .functor AND 16, L_0000021657171680, L_00000216571a08f8, C4<1111111111111111>, C4<1111111111111111>;
L_0000021657171c30 .functor OR 16, L_0000021657171990, L_0000021657171bc0, C4<0000000000000000>, C4<0000000000000000>;
v000002165715cbc0_0 .net *"_ivl_0", 15 0, L_00000216571715a0;  1 drivers
v000002165715c800_0 .net *"_ivl_10", 15 0, L_0000021657171bc0;  1 drivers
v000002165715d7a0_0 .net *"_ivl_12", 15 0, L_0000021657171c30;  1 drivers
v000002165715cda0_0 .net *"_ivl_16", 14 0, L_000002165716f7a0;  1 drivers
L_00000216571a08b0 .functor BUFT 1, C4<0>, C4<0>, C4<0>, C4<0>;
v000002165715dd40_0 .net *"_ivl_18", 0 0, L_00000216571a08b0;  1 drivers
v000002165715d2a0_0 .net *"_ivl_4", 15 0, L_00000216571716f0;  1 drivers
v000002165715d5c0_0 .net *"_ivl_6", 15 0, L_00000216571717d0;  1 drivers
v000002165715d020_0 .net *"_ivl_8", 15 0, L_0000021657171990;  1 drivers
v000002165715dca0_0 .net "carry_sh", 15 0, L_0000021657171320;  alias, 1 drivers
v000002165715da20_0 .net "sum", 15 0, L_0000021657171b50;  alias, 1 drivers
v000002165715e4c0_0 .net "x", 15 0, L_0000021657171680;  alias, 1 drivers
v000002165715d840_0 .net "y", 15 0, L_0000021657172090;  alias, 1 drivers
v000002165715c760_0 .net "z", 15 0, L_00000216571a08f8;  1 drivers
L_000002165716f7a0 .part L_0000021657171c30, 0, 15;
L_0000021657171320 .concat [ 1 15 0 0], L_00000216571a08b0, L_000002165716f7a0;
    .scope S_00000216570d4e50;
T_0 ;
    %vpi_call 2 18 "$dumpfile", "waves/multiplier_wallace.vcd" {0 0 0};
    %vpi_call 2 19 "$dumpvars", 32'sb00000000000000000000000000000000, S_00000216570d4e50 {0 0 0};
    %pushi/vec4 0, 0, 8;
    %store/vec4 v000002165715c9e0_0, 0, 8;
    %pushi/vec4 0, 0, 8;
    %store/vec4 v000002165715e240_0, 0, 8;
    %delay 10000, 0;
    %pushi/vec4 5, 0, 8;
    %store/vec4 v000002165715c9e0_0, 0, 8;
    %pushi/vec4 7, 0, 8;
    %store/vec4 v000002165715e240_0, 0, 8;
    %delay 10000, 0;
    %pushi/vec4 10, 0, 8;
    %store/vec4 v000002165715c9e0_0, 0, 8;
    %pushi/vec4 14, 0, 8;
    %store/vec4 v000002165715e240_0, 0, 8;
    %delay 10000, 0;
    %pushi/vec4 25, 0, 8;
    %store/vec4 v000002165715c9e0_0, 0, 8;
    %pushi/vec4 3, 0, 8;
    %store/vec4 v000002165715e240_0, 0, 8;
    %delay 10000, 0;
    %pushi/vec4 55, 0, 8;
    %store/vec4 v000002165715c9e0_0, 0, 8;
    %pushi/vec4 22, 0, 8;
    %store/vec4 v000002165715e240_0, 0, 8;
    %delay 10000, 0;
    %pushi/vec4 100, 0, 8;
    %store/vec4 v000002165715c9e0_0, 0, 8;
    %pushi/vec4 12, 0, 8;
    %store/vec4 v000002165715e240_0, 0, 8;
    %delay 10000, 0;
    %pushi/vec4 255, 0, 8;
    %store/vec4 v000002165715c9e0_0, 0, 8;
    %pushi/vec4 1, 0, 8;
    %store/vec4 v000002165715e240_0, 0, 8;
    %delay 10000, 0;
    %pushi/vec4 255, 0, 8;
    %store/vec4 v000002165715c9e0_0, 0, 8;
    %pushi/vec4 255, 0, 8;
    %store/vec4 v000002165715e240_0, 0, 8;
    %delay 10000, 0;
    %pushi/vec4 0, 0, 32;
    %store/vec4 v000002165715cb20_0, 0, 32;
T_0.0 ;
    %load/vec4 v000002165715cb20_0;
    %cmpi/s 2000, 0, 32;
    %jmp/0xz T_0.1, 5;
    %vpi_func 2 33 "$random" 32 {0 0 0};
    %pushi/vec4 256, 0, 32;
    %mod/s;
    %pad/s 8;
    %store/vec4 v000002165715c9e0_0, 0, 8;
    %vpi_func 2 34 "$random" 32 {0 0 0};
    %pushi/vec4 256, 0, 32;
    %mod/s;
    %pad/s 8;
    %store/vec4 v000002165715e240_0, 0, 8;
    %delay 1000, 0;
    %load/vec4 v000002165715ce40_0;
    %pad/u 32;
    %load/vec4 v000002165715c9e0_0;
    %pad/u 32;
    %addi 0, 0, 32;
    %load/vec4 v000002165715e240_0;
    %pad/u 32;
    %addi 0, 0, 32;
    %mul;
    %cmp/ne;
    %jmp/0xz  T_0.2, 6;
    %load/vec4 v000002165715c9e0_0;
    %pad/u 32;
    %addi 0, 0, 32;
    %load/vec4 v000002165715e240_0;
    %pad/u 32;
    %addi 0, 0, 32;
    %mul;
    %vpi_call 2 37 "$display", "ERROR: a=%0d b=%0d product=%0d expected=%0d", v000002165715c9e0_0, v000002165715e240_0, v000002165715ce40_0, S<0,vec4,u32> {1 0 0};
    %vpi_call 2 38 "$finish" {0 0 0};
T_0.2 ;
    %delay 4000, 0;
    %load/vec4 v000002165715cb20_0;
    %addi 1, 0, 32;
    %store/vec4 v000002165715cb20_0, 0, 32;
    %jmp T_0.0;
T_0.1 ;
    %vpi_call 2 43 "$display", "All random checks passed." {0 0 0};
    %vpi_call 2 44 "$finish" {0 0 0};
    %end;
    .thread T_0;
# The file index is used to find the file name in the following table.
:file_names 5;
    "N/A";
    "<interactive>";
    ".\tb\tb_multiplier_wallace.v";
    ".\src\multiplier_wallace.v";
    ".\src\csa3_16.v";
