#! /c/Source/iverilog-install/bin/vvp
:ivl_version "12.0 (devel)" "(s20150603-1539-g2693dd32b)";
:ivl_delay_selection "TYPICAL";
:vpi_time_precision - 12;
:vpi_module "C:\iverilog\lib\ivl\system.vpi";
:vpi_module "C:\iverilog\lib\ivl\vhdl_sys.vpi";
:vpi_module "C:\iverilog\lib\ivl\vhdl_textio.vpi";
:vpi_module "C:\iverilog\lib\ivl\v2005_math.vpi";
:vpi_module "C:\iverilog\lib\ivl\va_math.vpi";
S_0000017b4afe3dc0 .scope module, "tb_multiplier_array" "tb_multiplier_array" 2 3;
 .timescale -9 -12;
v0000017b4b042760_0 .var "a", 7 0;
v0000017b4b042800_0 .var "b", 7 0;
v0000017b4b040d20_0 .net "product", 15 0, L_0000017b4b08cee0;  1 drivers
S_0000017b4afe3f50 .scope module, "DUT" "multiplier_array" 2 8, 3 2 0, S_0000017b4afe3dc0;
 .timescale 0 0;
    .port_info 0 /INPUT 8 "a";
    .port_info 1 /INPUT 8 "b";
    .port_info 2 /OUTPUT 16 "product";
v0000017b4b042440_0 .net *"_ivl_11", 15 0, L_0000017b4b08b040;  1 drivers
L_0000017b4b043270 .functor BUFT 1, C4<0000000>, C4<0>, C4<0>, C4<0>;
v0000017b4b042300_0 .net/2u *"_ivl_13", 6 0, L_0000017b4b043270;  1 drivers
L_0000017b4b0432b8 .functor BUFT 1, C4<0>, C4<0>, C4<0>, C4<0>;
v0000017b4b042080_0 .net/2u *"_ivl_16", 0 0, L_0000017b4b0432b8;  1 drivers
v0000017b4b0423a0_0 .net *"_ivl_18", 15 0, L_0000017b4b08ce40;  1 drivers
v0000017b4b040fa0_0 .net *"_ivl_20", 15 0, L_0000017b4b08b540;  1 drivers
L_0000017b4b043300 .functor BUFT 1, C4<000000>, C4<0>, C4<0>, C4<0>;
v0000017b4b041360_0 .net/2u *"_ivl_22", 5 0, L_0000017b4b043300;  1 drivers
L_0000017b4b043348 .functor BUFT 1, C4<00>, C4<0>, C4<0>, C4<0>;
v0000017b4b042120_0 .net/2u *"_ivl_25", 1 0, L_0000017b4b043348;  1 drivers
v0000017b4b041a40_0 .net *"_ivl_27", 15 0, L_0000017b4b08b180;  1 drivers
v0000017b4b040e60_0 .net *"_ivl_29", 15 0, L_0000017b4b08cb20;  1 drivers
L_0000017b4b043390 .functor BUFT 1, C4<00000>, C4<0>, C4<0>, C4<0>;
v0000017b4b041ea0_0 .net/2u *"_ivl_31", 4 0, L_0000017b4b043390;  1 drivers
L_0000017b4b0433d8 .functor BUFT 1, C4<000>, C4<0>, C4<0>, C4<0>;
v0000017b4b040f00_0 .net/2u *"_ivl_34", 2 0, L_0000017b4b0433d8;  1 drivers
v0000017b4b041860_0 .net *"_ivl_36", 15 0, L_0000017b4b08b360;  1 drivers
v0000017b4b041f40_0 .net *"_ivl_38", 15 0, L_0000017b4b08cda0;  1 drivers
L_0000017b4b043420 .functor BUFT 1, C4<0000>, C4<0>, C4<0>, C4<0>;
v0000017b4b041d60_0 .net/2u *"_ivl_40", 3 0, L_0000017b4b043420;  1 drivers
L_0000017b4b043468 .functor BUFT 1, C4<0000>, C4<0>, C4<0>, C4<0>;
v0000017b4b041400_0 .net/2u *"_ivl_43", 3 0, L_0000017b4b043468;  1 drivers
v0000017b4b0414a0_0 .net *"_ivl_45", 15 0, L_0000017b4b08c760;  1 drivers
v0000017b4b041900_0 .net *"_ivl_47", 15 0, L_0000017b4b08c800;  1 drivers
L_0000017b4b0434b0 .functor BUFT 1, C4<000>, C4<0>, C4<0>, C4<0>;
v0000017b4b0421c0_0 .net/2u *"_ivl_49", 2 0, L_0000017b4b0434b0;  1 drivers
L_0000017b4b0434f8 .functor BUFT 1, C4<00000>, C4<0>, C4<0>, C4<0>;
v0000017b4b041540_0 .net/2u *"_ivl_52", 4 0, L_0000017b4b0434f8;  1 drivers
v0000017b4b040b40_0 .net *"_ivl_54", 15 0, L_0000017b4b08bcc0;  1 drivers
v0000017b4b041e00_0 .net *"_ivl_56", 15 0, L_0000017b4b08ca80;  1 drivers
L_0000017b4b043540 .functor BUFT 1, C4<00>, C4<0>, C4<0>, C4<0>;
v0000017b4b041040_0 .net/2u *"_ivl_58", 1 0, L_0000017b4b043540;  1 drivers
L_0000017b4b043588 .functor BUFT 1, C4<000000>, C4<0>, C4<0>, C4<0>;
v0000017b4b041180_0 .net/2u *"_ivl_61", 5 0, L_0000017b4b043588;  1 drivers
v0000017b4b0419a0_0 .net *"_ivl_63", 15 0, L_0000017b4b08b7c0;  1 drivers
v0000017b4b0415e0_0 .net *"_ivl_65", 15 0, L_0000017b4b08b400;  1 drivers
L_0000017b4b0435d0 .functor BUFT 1, C4<0>, C4<0>, C4<0>, C4<0>;
v0000017b4b041680_0 .net/2u *"_ivl_67", 0 0, L_0000017b4b0435d0;  1 drivers
L_0000017b4b043618 .functor BUFT 1, C4<0000000>, C4<0>, C4<0>, C4<0>;
v0000017b4b040be0_0 .net/2u *"_ivl_70", 6 0, L_0000017b4b043618;  1 drivers
v0000017b4b042260_0 .net *"_ivl_72", 15 0, L_0000017b4b08bd60;  1 drivers
L_0000017b4b043228 .functor BUFT 1, C4<00000000>, C4<0>, C4<0>, C4<0>;
v0000017b4b041ae0_0 .net/2u *"_ivl_8", 7 0, L_0000017b4b043228;  1 drivers
v0000017b4b040c80_0 .net "a", 7 0, v0000017b4b042760_0;  1 drivers
v0000017b4b041b80_0 .net "b", 7 0, v0000017b4b042800_0;  1 drivers
v0000017b4b0424e0 .array "pp", 0 7;
v0000017b4b0424e0_0 .net v0000017b4b0424e0 0, 7 0, L_0000017b4b08b220; 1 drivers
v0000017b4b0424e0_1 .net v0000017b4b0424e0 1, 7 0, L_0000017b4b08b860; 1 drivers
v0000017b4b0424e0_2 .net v0000017b4b0424e0 2, 7 0, L_0000017b4b08b5e0; 1 drivers
v0000017b4b0424e0_3 .net v0000017b4b0424e0 3, 7 0, L_0000017b4b08bc20; 1 drivers
v0000017b4b0424e0_4 .net v0000017b4b0424e0 4, 7 0, L_0000017b4b08bb80; 1 drivers
v0000017b4b0424e0_5 .net v0000017b4b0424e0 5, 7 0, L_0000017b4b08b900; 1 drivers
v0000017b4b0424e0_6 .net v0000017b4b0424e0 6, 7 0, L_0000017b4b08ba40; 1 drivers
v0000017b4b0424e0_7 .net v0000017b4b0424e0 7, 7 0, L_0000017b4b08c260; 1 drivers
v0000017b4b0426c0_0 .net "product", 15 0, L_0000017b4b08cee0;  alias, 1 drivers
L_0000017b4b040a00 .part v0000017b4b042800_0, 0, 1;
L_0000017b4b08c120 .part v0000017b4b042800_0, 1, 1;
L_0000017b4b08c1c0 .part v0000017b4b042800_0, 2, 1;
L_0000017b4b08c3a0 .part v0000017b4b042800_0, 3, 1;
L_0000017b4b08b2c0 .part v0000017b4b042800_0, 4, 1;
L_0000017b4b08b680 .part v0000017b4b042800_0, 5, 1;
L_0000017b4b08b9a0 .part v0000017b4b042800_0, 6, 1;
L_0000017b4b08bae0 .part v0000017b4b042800_0, 7, 1;
L_0000017b4b08b040 .concat [ 8 8 0 0], L_0000017b4b08b220, L_0000017b4b043228;
L_0000017b4b08ce40 .concat [ 1 8 7 0], L_0000017b4b0432b8, L_0000017b4b08b860, L_0000017b4b043270;
L_0000017b4b08b540 .arith/sum 16, L_0000017b4b08b040, L_0000017b4b08ce40;
L_0000017b4b08b180 .concat [ 2 8 6 0], L_0000017b4b043348, L_0000017b4b08b5e0, L_0000017b4b043300;
L_0000017b4b08cb20 .arith/sum 16, L_0000017b4b08b540, L_0000017b4b08b180;
L_0000017b4b08b360 .concat [ 3 8 5 0], L_0000017b4b0433d8, L_0000017b4b08bc20, L_0000017b4b043390;
L_0000017b4b08cda0 .arith/sum 16, L_0000017b4b08cb20, L_0000017b4b08b360;
L_0000017b4b08c760 .concat [ 4 8 4 0], L_0000017b4b043468, L_0000017b4b08bb80, L_0000017b4b043420;
L_0000017b4b08c800 .arith/sum 16, L_0000017b4b08cda0, L_0000017b4b08c760;
L_0000017b4b08bcc0 .concat [ 5 8 3 0], L_0000017b4b0434f8, L_0000017b4b08b900, L_0000017b4b0434b0;
L_0000017b4b08ca80 .arith/sum 16, L_0000017b4b08c800, L_0000017b4b08bcc0;
L_0000017b4b08b7c0 .concat [ 6 8 2 0], L_0000017b4b043588, L_0000017b4b08ba40, L_0000017b4b043540;
L_0000017b4b08b400 .arith/sum 16, L_0000017b4b08ca80, L_0000017b4b08b7c0;
L_0000017b4b08bd60 .concat [ 7 8 1 0], L_0000017b4b043618, L_0000017b4b08c260, L_0000017b4b0435d0;
L_0000017b4b08cee0 .arith/sum 16, L_0000017b4b08b400, L_0000017b4b08bd60;
S_0000017b4afe4460 .scope generate, "genblk1[0]" "genblk1[0]" 3 12, 3 12 0, S_0000017b4afe3f50;
 .timescale 0 0;
P_0000017b4afe0350 .param/l "i" 0 3 12, +C4<00>;
v0000017b4afd9fe0_0 .net *"_ivl_1", 0 0, L_0000017b4b040a00;  1 drivers
L_0000017b4b042fe8 .functor BUFT 1, C4<00000000>, C4<0>, C4<0>, C4<0>;
v0000017b4afd9860_0 .net/2u *"_ivl_2", 7 0, L_0000017b4b042fe8;  1 drivers
L_0000017b4b08b220 .functor MUXZ 8, L_0000017b4b042fe8, v0000017b4b042760_0, L_0000017b4b040a00, C4<>;
S_0000017b4afe45f0 .scope generate, "genblk1[1]" "genblk1[1]" 3 12, 3 12 0, S_0000017b4afe3f50;
 .timescale 0 0;
P_0000017b4afe0e10 .param/l "i" 0 3 12, +C4<01>;
v0000017b4afd9ea0_0 .net *"_ivl_1", 0 0, L_0000017b4b08c120;  1 drivers
L_0000017b4b043030 .functor BUFT 1, C4<00000000>, C4<0>, C4<0>, C4<0>;
v0000017b4b041220_0 .net/2u *"_ivl_2", 7 0, L_0000017b4b043030;  1 drivers
L_0000017b4b08b860 .functor MUXZ 8, L_0000017b4b043030, v0000017b4b042760_0, L_0000017b4b08c120, C4<>;
S_0000017b4afb27f0 .scope generate, "genblk1[2]" "genblk1[2]" 3 12, 3 12 0, S_0000017b4afe3f50;
 .timescale 0 0;
P_0000017b4afe0950 .param/l "i" 0 3 12, +C4<010>;
v0000017b4b041fe0_0 .net *"_ivl_1", 0 0, L_0000017b4b08c1c0;  1 drivers
L_0000017b4b043078 .functor BUFT 1, C4<00000000>, C4<0>, C4<0>, C4<0>;
v0000017b4b041c20_0 .net/2u *"_ivl_2", 7 0, L_0000017b4b043078;  1 drivers
L_0000017b4b08b5e0 .functor MUXZ 8, L_0000017b4b043078, v0000017b4b042760_0, L_0000017b4b08c1c0, C4<>;
S_0000017b4afb2980 .scope generate, "genblk1[3]" "genblk1[3]" 3 12, 3 12 0, S_0000017b4afe3f50;
 .timescale 0 0;
P_0000017b4afe04d0 .param/l "i" 0 3 12, +C4<011>;
v0000017b4b040aa0_0 .net *"_ivl_1", 0 0, L_0000017b4b08c3a0;  1 drivers
L_0000017b4b0430c0 .functor BUFT 1, C4<00000000>, C4<0>, C4<0>, C4<0>;
v0000017b4b041720_0 .net/2u *"_ivl_2", 7 0, L_0000017b4b0430c0;  1 drivers
L_0000017b4b08bc20 .functor MUXZ 8, L_0000017b4b0430c0, v0000017b4b042760_0, L_0000017b4b08c3a0, C4<>;
S_0000017b4afb2b10 .scope generate, "genblk1[4]" "genblk1[4]" 3 12, 3 12 0, S_0000017b4afe3f50;
 .timescale 0 0;
P_0000017b4afe0690 .param/l "i" 0 3 12, +C4<0100>;
v0000017b4b040dc0_0 .net *"_ivl_1", 0 0, L_0000017b4b08b2c0;  1 drivers
L_0000017b4b043108 .functor BUFT 1, C4<00000000>, C4<0>, C4<0>, C4<0>;
v0000017b4b0412c0_0 .net/2u *"_ivl_2", 7 0, L_0000017b4b043108;  1 drivers
L_0000017b4b08bb80 .functor MUXZ 8, L_0000017b4b043108, v0000017b4b042760_0, L_0000017b4b08b2c0, C4<>;
S_0000017b4b042920 .scope generate, "genblk1[5]" "genblk1[5]" 3 12, 3 12 0, S_0000017b4afe3f50;
 .timescale 0 0;
P_0000017b4afe10d0 .param/l "i" 0 3 12, +C4<0101>;
v0000017b4b0410e0_0 .net *"_ivl_1", 0 0, L_0000017b4b08b680;  1 drivers
L_0000017b4b043150 .functor BUFT 1, C4<00000000>, C4<0>, C4<0>, C4<0>;
v0000017b4b042620_0 .net/2u *"_ivl_2", 7 0, L_0000017b4b043150;  1 drivers
L_0000017b4b08b900 .functor MUXZ 8, L_0000017b4b043150, v0000017b4b042760_0, L_0000017b4b08b680, C4<>;
S_0000017b4b042ab0 .scope generate, "genblk1[6]" "genblk1[6]" 3 12, 3 12 0, S_0000017b4afe3f50;
 .timescale 0 0;
P_0000017b4afe06d0 .param/l "i" 0 3 12, +C4<0110>;
v0000017b4b040960_0 .net *"_ivl_1", 0 0, L_0000017b4b08b9a0;  1 drivers
L_0000017b4b043198 .functor BUFT 1, C4<00000000>, C4<0>, C4<0>, C4<0>;
v0000017b4b042580_0 .net/2u *"_ivl_2", 7 0, L_0000017b4b043198;  1 drivers
L_0000017b4b08ba40 .functor MUXZ 8, L_0000017b4b043198, v0000017b4b042760_0, L_0000017b4b08b9a0, C4<>;
S_0000017b4b042c40 .scope generate, "genblk1[7]" "genblk1[7]" 3 12, 3 12 0, S_0000017b4afe3f50;
 .timescale 0 0;
P_0000017b4afe0750 .param/l "i" 0 3 12, +C4<0111>;
v0000017b4b041cc0_0 .net *"_ivl_1", 0 0, L_0000017b4b08bae0;  1 drivers
L_0000017b4b0431e0 .functor BUFT 1, C4<00000000>, C4<0>, C4<0>, C4<0>;
v0000017b4b0417c0_0 .net/2u *"_ivl_2", 7 0, L_0000017b4b0431e0;  1 drivers
L_0000017b4b08c260 .functor MUXZ 8, L_0000017b4b0431e0, v0000017b4b042760_0, L_0000017b4b08bae0, C4<>;
    .scope S_0000017b4afe3dc0;
T_0 ;
    %vpi_call 2 11 "$dumpfile", "waves/multiplier_array.vcd" {0 0 0};
    %vpi_call 2 12 "$dumpvars", 32'sb00000000000000000000000000000000, S_0000017b4afe3dc0 {0 0 0};
    %pushi/vec4 5, 0, 8;
    %store/vec4 v0000017b4b042760_0, 0, 8;
    %pushi/vec4 10, 0, 8;
    %store/vec4 v0000017b4b042800_0, 0, 8;
    %delay 10000, 0;
    %pushi/vec4 15, 0, 8;
    %store/vec4 v0000017b4b042760_0, 0, 8;
    %pushi/vec4 15, 0, 8;
    %store/vec4 v0000017b4b042800_0, 0, 8;
    %delay 10000, 0;
    %pushi/vec4 0, 0, 8;
    %store/vec4 v0000017b4b042760_0, 0, 8;
    %pushi/vec4 200, 0, 8;
    %store/vec4 v0000017b4b042800_0, 0, 8;
    %delay 10000, 0;
    %pushi/vec4 255, 0, 8;
    %store/vec4 v0000017b4b042760_0, 0, 8;
    %pushi/vec4 255, 0, 8;
    %store/vec4 v0000017b4b042800_0, 0, 8;
    %delay 10000, 0;
    %vpi_call 2 20 "$finish" {0 0 0};
    %end;
    .thread T_0;
# The file index is used to find the file name in the following table.
:file_names 4;
    "N/A";
    "<interactive>";
    "tb/tb_multiplier.v";
    "src/multiplier_array.v";
